=== npm ci attempt Sat Jun  6 01:05:25 UTC 2026 ===
npm warn deprecated next@15.1.3: This version has a security vulnerability. Please upgrade to a patched version. See https://nextjs.org/blog/CVE-2025-66478 for more details.

added 512 packages, and audited 513 packages in 28s

155 packages are looking for funding
  run `npm fund` for details

4 vulnerabilities (3 moderate, 1 critical)

To address issues that do not require attention, run:
  npm audit fix

To address all issues (including breaking changes), run:
  npm audit fix --force

Run `npm audit` for details.
npm notice
npm notice New major version of npm available! 10.9.7 -> 11.16.0
npm notice Changelog: https://github.com/npm/cli/releases/tag/v11.16.0
npm notice To update run: npm install -g npm@11.16.0
npm notice
npm ci exit=0
=== npm run build attempt Sat Jun  6 01:06:01 UTC 2026 ===

> dealix-frontend@0.1.0 build
> next build

Attention: Next.js now collects completely anonymous telemetry regarding usage.
This information is used to shape Next.js' roadmap and prioritize features.
You can learn more, including how to opt-out if you'd not like to participate in this anonymous program, by visiting the following URL:
https://nextjs.org/telemetry

   ▲ Next.js 15.1.3

   Creating an optimized production build ...
 ✓ Compiled successfully
   Linting and checking validity of types ...
   Collecting page data ...
   Generating static pages (0/28) ...
   Generating static pages (7/28) 
   Generating static pages (14/28) 
   Generating static pages (21/28) 
 ✓ Generating static pages (28/28)
   Finalizing page optimization ...
   Collecting build traces ...

Route (app)                                   Size     First Load JS
┌ ○ /                                         151 B           106 kB
├ ○ /_not-found                               990 B           107 kB
├ ƒ /[locale]                                 12.1 kB         183 kB
├ ƒ /[locale]/about                           6.09 kB         149 kB
├ ƒ /[locale]/admin                           22.2 kB         333 kB
├ ƒ /[locale]/agents                          8.52 kB         216 kB
├ ƒ /[locale]/ai-engine                       7.86 kB         241 kB
├ ƒ /[locale]/analytics                       6.82 kB         317 kB
├ ƒ /[locale]/approvals                       163 B           249 kB
├ ƒ /[locale]/auto-distribution               7.16 kB         120 kB
├ ƒ /[locale]/business-now                    9.16 kB         245 kB
├ ƒ /[locale]/clients                         5.44 kB         213 kB
├ ƒ /[locale]/cloud                           4.56 kB         238 kB
├ ƒ /[locale]/crm                             10.6 kB         218 kB
├ ƒ /[locale]/customer-portal                 4.27 kB         237 kB
├ ƒ /[locale]/dashboard                       10.5 kB         342 kB
├ ƒ /[locale]/dealix-diagnostic               5.56 kB         148 kB
├ ƒ /[locale]/demo                            5.33 kB         138 kB
├ ƒ /[locale]/learn                           13.6 kB         156 kB
├ ● /[locale]/learn/[slug]                    180 B           110 kB
├   ├ /ar/learn/post-lead-revenue-ops
├   ├ /ar/learn/what-is-proof-pack
├   ├ /ar/learn/crm-vs-revenue-ops
├   └ [+17 more paths]
├ ƒ /[locale]/login                           5.78 kB         185 kB
├ ƒ /[locale]/offer/lead-intelligence-sprint  180 B           110 kB
├ ƒ /[locale]/ops                             2.44 kB         238 kB
├ ƒ /[locale]/ops/approvals                   164 B           249 kB
├ ƒ /[locale]/ops/evidence                    3.12 kB         239 kB
├ ƒ /[locale]/ops/founder                     10.5 kB         246 kB
├ ƒ /[locale]/ops/marketing                   4.64 kB         238 kB
├ ƒ /[locale]/ops/partners                    2.91 kB         236 kB
├ ƒ /[locale]/ops/sales                       3.93 kB         237 kB
├ ƒ /[locale]/ops/support                     3.03 kB         236 kB
├ ƒ /[locale]/ops/targeting                   2.93 kB         236 kB
├ ƒ /[locale]/ops/war-room                    5.47 kB         248 kB
├ ƒ /[locale]/partners                        6.95 kB         150 kB
├ ƒ /[locale]/pipeline                        2.77 kB         210 kB
├ ƒ /[locale]/pricing                         6.73 kB         214 kB
├ ƒ /[locale]/privacy                         200 B           143 kB
├ ƒ /[locale]/proof-pack                      5.43 kB         148 kB
├ ƒ /[locale]/register                        5.52 kB         185 kB
├ ƒ /[locale]/risk-score                      3.55 kB         172 kB
├ ƒ /[locale]/services                        7.92 kB         151 kB
├ ƒ /[locale]/settings                        6.21 kB         214 kB
├ ƒ /[locale]/trust                           6.86 kB         150 kB
├ ƒ /[locale]/trust-center                    7.67 kB         215 kB
├ ƒ /[locale]/trust-check                     2.22 kB         235 kB
├ ƒ /[locale]/zatca-readiness                 5.55 kB         138 kB
├ ƒ /api/dealix-proxy/[...path]               151 B           106 kB
├ ○ /healthz                                  151 B           106 kB
├ ○ /icon                                     0 B                0 B
├ ○ /robots.txt                               0 B                0 B
└ ○ /sitemap.xml                              0 B                0 B
+ First Load JS shared by all                 106 kB
  ├ chunks/1517-29dc0cdc8f76852f.js           50.7 kB
  ├ chunks/4bd1b696-cfedbfcc8ef8c3c3.js       53 kB
  └ other shared chunks (total)               1.98 kB


ƒ Middleware                                  47.2 kB

○  (Static)   prerendered as static content
●  (SSG)      prerendered as static HTML (uses generateStaticParams)
ƒ  (Dynamic)  server-rendered on demand

npm run build exit=0
